\BOOKMARK [0][-]{chapter.1}{Introduction}{}
\BOOKMARK [1][-]{section.1.1}{About FreeCol}{chapter.1}
\BOOKMARK [1][-]{section.1.2}{The Original Colonization}{chapter.1}
\BOOKMARK [1][-]{section.1.3}{About this manual}{chapter.1}
\BOOKMARK [2][-]{subsection.1.3.1}{Differences between the rule sets}{section.1.3}
\BOOKMARK [1][-]{section.1.4}{Liberty and Immigration}{chapter.1}
\BOOKMARK [0][-]{chapter.2}{Installation}{}
\BOOKMARK [1][-]{section.2.1}{System Requirements}{chapter.2}
\BOOKMARK [2][-]{subsection.2.1.1}{FreeCol on OSX}{section.2.1}
\BOOKMARK [1][-]{section.2.2}{Compiling FreeCol}{chapter.2}
\BOOKMARK [0][-]{chapter.3}{Interface}{}
\BOOKMARK [1][-]{section.3.1}{Starting the game}{chapter.3}
\BOOKMARK [2][-]{subsection.3.1.1}{Command line options}{section.3.1}
\BOOKMARK [2][-]{subsection.3.1.2}{Game setup}{section.3.1}
\BOOKMARK [2][-]{subsection.3.1.3}{Map Generator Options}{section.3.1}
\BOOKMARK [2][-]{subsection.3.1.4}{Game Options}{section.3.1}
\BOOKMARK [1][-]{section.3.2}{Client Options}{chapter.3}
\BOOKMARK [2][-]{subsection.3.2.1}{Display Options}{section.3.2}
\BOOKMARK [2][-]{subsection.3.2.2}{Translations}{section.3.2}
\BOOKMARK [2][-]{subsection.3.2.3}{Message Options}{section.3.2}
\BOOKMARK [2][-]{subsection.3.2.4}{Audio Options}{section.3.2}
\BOOKMARK [2][-]{subsection.3.2.5}{Savegame Options}{section.3.2}
\BOOKMARK [2][-]{subsection.3.2.6}{Warehouse Options}{section.3.2}
\BOOKMARK [2][-]{subsection.3.2.7}{Keyboard Accelerators}{section.3.2}
\BOOKMARK [2][-]{subsection.3.2.8}{Other Options}{section.3.2}
\BOOKMARK [1][-]{section.3.3}{The main screen}{chapter.3}
\BOOKMARK [2][-]{subsection.3.3.1}{The Menubar}{section.3.3}
\BOOKMARK [2][-]{subsection.3.3.2}{The Info Panel}{section.3.3}
\BOOKMARK [2][-]{subsection.3.3.3}{The Minimap}{section.3.3}
\BOOKMARK [2][-]{subsection.3.3.4}{The Unit Buttons}{section.3.3}
\BOOKMARK [2][-]{subsection.3.3.5}{The Compass Rose}{section.3.3}
\BOOKMARK [2][-]{subsection.3.3.6}{The Main Map}{section.3.3}
\BOOKMARK [1][-]{section.3.4}{The Europe Panel}{chapter.3}
\BOOKMARK [1][-]{section.3.5}{The Colony panel}{chapter.3}
\BOOKMARK [2][-]{subsection.3.5.1}{The Warehouse Dialog}{section.3.5}
\BOOKMARK [2][-]{subsection.3.5.2}{The Build Queue Panel}{section.3.5}
\BOOKMARK [1][-]{section.3.6}{Customization}{chapter.3}
\BOOKMARK [0][-]{chapter.4}{The New World}{}
\BOOKMARK [1][-]{section.4.1}{Terrain Types}{chapter.4}
\BOOKMARK [1][-]{section.4.2}{Goods}{chapter.4}
\BOOKMARK [2][-]{subsection.4.2.1}{Trade Routes}{section.4.2}
\BOOKMARK [1][-]{section.4.3}{Special Resources}{chapter.4}
\BOOKMARK [1][-]{section.4.4}{Native Settlements}{chapter.4}
\BOOKMARK [1][-]{section.4.5}{Lost City Rumours}{chapter.4}
\BOOKMARK [1][-]{section.4.6}{Exploration}{chapter.4}
\BOOKMARK [0][-]{chapter.5}{Colonies}{}
\BOOKMARK [1][-]{section.5.1}{Picking a suitable site}{chapter.5}
\BOOKMARK [2][-]{subsection.5.1.1}{The colony tile}{section.5.1}
\BOOKMARK [2][-]{subsection.5.1.2}{The adjacent tiles}{section.5.1}
\BOOKMARK [2][-]{subsection.5.1.3}{Reforestation}{section.5.1}
\BOOKMARK [2][-]{subsection.5.1.4}{Government Efficiency}{section.5.1}
\BOOKMARK [1][-]{section.5.2}{Colony Buildings}{chapter.5}
\BOOKMARK [1][-]{section.5.3}{Using Buildings}{chapter.5}
\BOOKMARK [1][-]{section.5.4}{Building Units and Buildings}{chapter.5}
\BOOKMARK [0][-]{chapter.6}{Your Home Country}{}
\BOOKMARK [1][-]{section.6.1}{Your Home Port}{chapter.6}
\BOOKMARK [1][-]{section.6.2}{Your Monarch}{chapter.6}
\BOOKMARK [0][-]{chapter.7}{Units}{}
\BOOKMARK [1][-]{section.7.1}{Equipment}{chapter.7}
\BOOKMARK [1][-]{section.7.2}{Skills and Education}{chapter.7}
\BOOKMARK [1][-]{section.7.3}{Combat}{chapter.7}
\BOOKMARK [2][-]{subsection.7.3.1}{Combat Bonuses and Penalties}{section.7.3}
\BOOKMARK [0][-]{chapter.8}{The Continental Congress}{}
\BOOKMARK [0][-]{chapter.9}{The Birth of a Nation}{}
\BOOKMARK [1][-]{section.9.1}{Sons of Liberty}{chapter.9}
\BOOKMARK [1][-]{section.9.2}{The Treaty of Utrecht}{chapter.9}
\BOOKMARK [1][-]{section.9.3}{The Declaration of Independence}{chapter.9}
\BOOKMARK [0][-]{chapter.10}{Known bugs}{}
\BOOKMARK [0][-]{chapter.11}{Copyright Notice}{}
