This is pdfTeXk, Version 3.141592-1.40.3 (Web2C 7.5.6) (format=pdflatex 2012.6.9)  7 JAN 2013 20:42
entering extended mode
 %&-line parsing enabled.
**/home/mpope/tmp/0.10.7/doc/FreeCol.tex
(/home/mpope/tmp/0.10.7/doc/FreeCol.tex
LaTeX2e <2005/12/01>
Babel <v3.8h> and hyphenation patterns for english, usenglishmax, dumylang, noh
yphenation, arabic, basque, bulgarian, coptic, welsh, czech, slovak, german, ng
erman, danish, esperanto, spanish, catalan, galician, estonian, farsi, finnish,
 french, greek, monogreek, ancientgreek, croatian, hungarian, interlingua, ibyc
us, indonesian, icelandic, italian, latin, mongolian, dutch, norsk, polish, por
tuguese, pinyin, romanian, russian, slovenian, uppersorbian, serbian, swedish, 
turkish, ukenglish, ukrainian, loaded.
(/usr/share/texmf/tex/latex/base/book.cls
Document Class: book 2005/09/16 v1.4f Standard LaTeX document class
(/usr/share/texmf/tex/latex/base/bk12.clo
File: bk12.clo 2005/09/16 v1.4f Standard LaTeX file (size option)
)
\c@part=\count79
\c@chapter=\count80
\c@section=\count81
\c@subsection=\count82
\c@subsubsection=\count83
\c@paragraph=\count84
\c@subparagraph=\count85
\c@figure=\count86
\c@table=\count87
\abovecaptionskip=\skip41
\belowcaptionskip=\skip42
\bibindent=\dimen102
)
(/usr/share/texmf/tex/latex/base/fontenc.sty
Package: fontenc 2005/09/27 v1.99g Standard LaTeX package

(/usr/share/texmf/tex/latex/base/t1enc.def
File: t1enc.def 2005/09/27 v1.99g Standard LaTeX file
LaTeX Font Info:    Redeclaring font encoding T1 on input line 43.
))
(/usr/share/texmf/tex/latex/tools/longtable.sty
Package: longtable 2004/02/01 v4.11 Multi-page Table package (DPC)
\LTleft=\skip43
\LTright=\skip44
\LTpre=\skip45
\LTpost=\skip46
\LTchunksize=\count88
\LTcapwidth=\dimen103
\LT@head=\box26
\LT@firsthead=\box27
\LT@foot=\box28
\LT@lastfoot=\box29
\LT@cols=\count89
\LT@rows=\count90
\c@LT@tables=\count91
\c@LT@chunks=\count92
\LT@p@ftn=\toks14
)
(/usr/share/texmf/tex/latex/graphics/graphicx.sty
Package: graphicx 1999/02/16 v1.0f Enhanced LaTeX Graphics (DPC,SPQR)

(/usr/share/texmf/tex/latex/graphics/keyval.sty
Package: keyval 1999/03/16 v1.13 key=value parser (DPC)
\KV@toks@=\toks15
)
(/usr/share/texmf/tex/latex/graphics/graphics.sty
Package: graphics 2006/02/20 v1.0o Standard LaTeX Graphics (DPC,SPQR)

(/usr/share/texmf/tex/latex/graphics/trig.sty
Package: trig 1999/03/16 v1.09 sin cos tan (DPC)
)
(/usr/share/texmf/tex/latex/config/graphics.cfg
File: graphics.cfg 2007/01/18 v1.5 graphics configuration of teTeX/TeXLive
)
Package graphics Info: Driver file: pdftex.def on input line 90.

(/usr/share/texmf/tex/latex/pdftex-def/pdftex.def
File: pdftex.def 2007/01/08 v0.04d Graphics/color for pdfTeX
\Gread@gobject=\count93
))
\Gin@req@height=\dimen104
\Gin@req@width=\dimen105
)
(/usr/share/texmf/tex/latex/index/index.sty
Package: index 2004/01/20 v4.2beta Improved index support (dmj)
\@indexbox=\insert233
\indexproofstyle=\toks16
)
(/usr/share/texmf/tex/latex/hyperref/hyperref.sty
Package: hyperref 2007/02/07 v6.75r Hypertext links for LaTeX
\@linkdim=\dimen106
\Hy@linkcounter=\count94
\Hy@pagecounter=\count95

(/usr/share/texmf/tex/latex/hyperref/pd1enc.def
File: pd1enc.def 2007/02/07 v6.75r Hyperref: PDFDocEncoding definition (HO)
)
(/usr/share/texmf/tex/latex/config/hyperref.cfg
File: hyperref.cfg 2002/06/06 v1.2 hyperref configuration of TeXLive
)
(/usr/share/texmf/tex/latex/oberdiek/kvoptions.sty
Package: kvoptions 2006/08/22 v2.4 Connects package keyval with LaTeX options (
HO)
)
Package hyperref Info: Option `colorlinks' set `true' on input line 2238.
Package hyperref Info: Option `hyperindex' set `true' on input line 2238.
Package hyperref Info: Hyper figures OFF on input line 2288.
Package hyperref Info: Link nesting OFF on input line 2293.
Package hyperref Info: Hyper index ON on input line 2296.
Package hyperref Info: Plain pages OFF on input line 2303.
Package hyperref Info: Backreferencing OFF on input line 2308.

Implicit mode ON; LaTeX internals redefined
Package hyperref Info: Bookmarks ON on input line 2444.
(/usr/share/texmf/tex/latex/ltxmisc/url.sty
\Urlmuskip=\muskip10
Package: url 2005/06/27  ver 3.2  Verb mode for urls, etc.
)
LaTeX Info: Redefining \url on input line 2599.
\Fld@menulength=\count96
\Field@Width=\dimen107
\Fld@charsize=\dimen108
\Choice@toks=\toks17
\Field@toks=\toks18
Package hyperref Info: Hyper figures OFF on input line 3102.
Package hyperref Info: Link nesting OFF on input line 3107.
Package hyperref Info: Hyper index ON on input line 3110.
Package hyperref Info: backreferencing OFF on input line 3117.
Package hyperref Info: Link coloring ON on input line 3120.
\Hy@abspage=\count97
\c@Item=\count98
\c@Hfootnote=\count99
)
*hyperref using default driver hpdftex*
(/usr/share/texmf/tex/latex/hyperref/hpdftex.def
File: hpdftex.def 2007/02/07 v6.75r Hyperref driver for pdfTeX
\Fld@listcount=\count100
)
\idxtitle@default=\toks19
\tf@default=\write3
\openout3 = `FreeCol.idx'.

Package index Info: Writing index file FreeCol.idx on input line 24.
 (./FreeCol.aux)
\openout1 = `FreeCol.aux'.

LaTeX Font Info:    Checking defaults for OML/cmm/m/it on input line 26.
LaTeX Font Info:    ... okay on input line 26.
LaTeX Font Info:    Checking defaults for T1/cmr/m/n on input line 26.
LaTeX Font Info:    ... okay on input line 26.
LaTeX Font Info:    Checking defaults for OT1/cmr/m/n on input line 26.
LaTeX Font Info:    ... okay on input line 26.
LaTeX Font Info:    Checking defaults for OMS/cmsy/m/n on input line 26.
LaTeX Font Info:    ... okay on input line 26.
LaTeX Font Info:    Checking defaults for OMX/cmex/m/n on input line 26.
LaTeX Font Info:    ... okay on input line 26.
LaTeX Font Info:    Checking defaults for U/cmr/m/n on input line 26.
LaTeX Font Info:    ... okay on input line 26.
LaTeX Font Info:    Checking defaults for PD1/pdf/m/n on input line 26.
LaTeX Font Info:    ... okay on input line 26.

(/usr/share/texmf/tex/context/base/supp-pdf.tex
[Loading MPS to PDF converter (version 2006.09.02).]
\scratchcounter=\count101
\scratchdimen=\dimen109
\scratchbox=\box30
\nofMPsegments=\count102
\nofMParguments=\count103
\MPscratchCnt=\count104
\MPscratchDim=\dimen110
\MPnumerator=\count105
\everyMPtoPDFconversion=\toks20
) (/usr/share/texmf/tex/latex/graphics/color.sty
Package: color 2005/11/14 v1.0j Standard LaTeX Color (DPC)

(/usr/share/texmf/tex/latex/config/color.cfg
File: color.cfg 2007/01/18 v1.5 color configuration of teTeX/TeXLive
)
Package color Info: Driver file: pdftex.def on input line 130.
)
Package hyperref Info: Link coloring ON on input line 26.

(/usr/share/texmf/tex/latex/hyperref/nameref.sty
Package: nameref 2006/12/27 v2.28 Cross-referencing by name of section

(/usr/share/texmf/tex/latex/oberdiek/refcount.sty
Package: refcount 2006/02/20 v3.0 Data extraction from references (HO)
)
\c@section@level=\count106
)
LaTeX Info: Redefining \ref on input line 26.
LaTeX Info: Redefining \pageref on input line 26.
 (./FreeCol.out)
(./FreeCol.out)
\@outlinefile=\write4
\openout4 = `FreeCol.out'.

LaTeX Font Info:    External font `cmex10' loaded for size
(Font)              <14.4> on input line 29.
LaTeX Font Info:    External font `cmex10' loaded for size
(Font)              <7> on input line 29.
 [1


{/home/mpope/.texlive2007/texmf-var/fonts/map/pdftex/updmap/pdftex.map}] [2

] (./FreeCol.toc
LaTeX Font Info:    External font `cmex10' loaded for size
(Font)              <12> on input line 2.
LaTeX Font Info:    External font `cmex10' loaded for size
(Font)              <8> on input line 2.
LaTeX Font Info:    External font `cmex10' loaded for size
(Font)              <6> on input line 2.
 [3] [4])
\tf@toc=\write5
\openout5 = `FreeCol.toc'.

 [5] [6

]
Chapter 1.
<images/wikipedia.png, id=391, 16.06pt x 16.06pt>
File: images/wikipedia.png Graphic file (type png)
 <use images/wikipedia.png>
[7 <./images/wikipedia.png>]
Underfull \vbox (badness 10000) has occurred while \output is active []

 [8]
LaTeX Font Info:    Try loading font information for OMS+cmr on input line 145.


(/usr/share/texmf/tex/latex/base/omscmr.fd
File: omscmr.fd 1999/05/25 v2.5h Standard LaTeX font definitions
)
LaTeX Font Info:    Font shape `OMS/cmr/m/n' in size <12> not available
(Font)              Font shape `OMS/cmsy/m/n' tried instead on input line 145.
 [9] [10] [11] [12

]
Chapter 2.

Overfull \hbox (4.5994pt too wide) in paragraph at lines 236--241
\T1/cmr/m/n/12 You can down-load a sys-tem in-de-pen-dent in-staller, which sho
uld in-stall FreeCol
 []

[13]
LaTeX Font Info:    Try loading font information for T1+cmtt on input line 278.

 (/usr/share/texmf/tex/latex/base/t1cmtt.fd
File: t1cmtt.fd 1999/05/25 v2.5h Standard LaTeX font definitions
) [14]
Chapter 3.
[15

]
Overfull \hbox (1.7196pt too wide) in paragraph at lines 338--341
[][]\T1/cmtt/m/n/12 --freecol-data DIR \T1/cmr/m/n/12 Spec-ify the di-rec-tory 
that con-tains FreeCol's data
 []


Overfull \hbox (39.81796pt too wide) in paragraph at lines 370--372
[][]\T1/cmtt/m/n/12 --clientOptions FILE \T1/cmr/m/n/12 Over-ride the client op
-tions file (nor-mally \T1/cmtt/m/n/12 options.xml
 []

[16] [17] [18]
Overfull \hbox (2.87624pt too wide) in paragraph at lines 457--463
[]\T1/cmr/m/n/12 The orig-i-nal game only in-cluded four Eu-ro-pean na-tions, n
amely the Dutch,
 []

[19] [20] [21] [22] [23] [24]
Overfull \hbox (27.92856pt too wide) in paragraph at lines 782--786
\T1/cmr/m/n/12 ther dis-able an-i-ma-tion or ex-per-i-ment with the \T1/cmtt/m/
n/12 -Dsun.java2d.pmoffscreen=false
 []

[25] [26] [27] <images/main_screen.png, id=614, 1184.425pt x 927.465pt>
File: images/main_screen.png Graphic file (type png)

<use images/main_screen.png>
Overfull \hbox (24.55496pt too wide) in paragraph at lines 933--934
 [] 
 []

[28] [29 <./images/main_screen.png (PNG copy)>] [30] [31] [32] [33] [34]
[35] [36] <images/path-foot.png, id=705, 30.1125pt x 30.1125pt>
File: images/path-foot.png Graphic file (type png)

<use images/path-foot.png>
<images/path-horse.png, id=706, 30.1125pt x 30.1125pt>
File: images/path-horse.png Graphic file (type png)

<use images/path-horse.png>
<images/path-wagon.png, id=707, 30.1125pt x 30.1125pt>
File: images/path-wagon.png Graphic file (type png)

<use images/path-wagon.png>
<images/path-naval.png, id=708, 31.11626pt x 30.1125pt>
File: images/path-naval.png Graphic file (type png)

<use images/path-naval.png> [37 <./images/path-foot.png> <./images/path-horse.p
ng> <./images/path-wagon.png> <./images/path-naval.png>] [38] [39]
<images/europe_panel.png, id=731, 1009.7725pt x 708.6475pt>
File: images/europe_panel.png Graphic file (type png)

<use images/europe_panel.png> [40] [41 <./images/europe_panel.png (PNG copy)>]
<images/colony_panel.png, id=743, 998.73125pt x 635.37375pt>
File: images/colony_panel.png Graphic file (type png)

<use images/colony_panel.png> [42] [43 <./images/colony_panel.png (PNG copy)>]
[44]
Underfull \vbox (badness 5787) has occurred while \output is active []

 [45]
[46] [47] [48

]
Chapter 4.
[49] [50] [51]
Underfull \vbox (badness 7151) has occurred while \output is active []

 [52]
[53]
Overfull \hbox (0.29196pt too wide) in paragraph at lines 1886--1895
[][][]\T1/cmr/m/n/12 Missionaries[][], which may be ei-ther [][]Je-suit Mis-sio
n-ar-ies[][] or or-di-nary colonists
 []

[54] [55] [56

]
Chapter 5.
[57] [58] [59]
Overfull \hbox (4.05373pt too wide) in paragraph at lines 2120--2127
[]\T1/cmr/m/n/12 The [][][]\T1/cmr/bx/n/12 Tobacconist's House\T1/cmr/m/n/12 , 
which can be up-graded to a [][][]\T1/cmr/bx/n/12 Tobacconist's
 []

[60] [61] [62] [63] [64

]
Chapter 6.

Overfull \hbox (14.01875pt too wide) in paragraph at lines 2277--2283
\T1/cmr/m/n/12 and the [][]\T1/cmr/bx/n/12 Netherlands[]\T1/cmr/m/n/12 . FreeCo
l op-tion-ally adds [][]\T1/cmr/bx/n/12 Portugal\T1/cmr/m/n/12 , [][]\T1/cmr/bx
/n/12 Denmark\T1/cmr/m/n/12 , [][]\T1/cmr/bx/n/12 Sweden
 []

[65] [66]
Overfull \hbox (1.85837pt too wide) in paragraph at lines 2379--2383
[]\T1/cmr/m/n/12 If you have enough gold, you can also train colonists at the [
]  Royal Academy.
 []

[67] [68]
Chapter 7.
[69

] [70]
Overfull \hbox (8.03197pt too wide) in paragraph at lines 2553--2559
[]\T1/cmr/m/n/12 While the preach-ers are con-cerned with the spir-i-tual wel-f
are of the colonists,
 []

[71] [72] [73] [74] [75] [76] [77] [78

]
Chapter 8.
File: images/wikipedia.png Graphic file (type png)
<use images/wikipedia.png>
File: images/wikipedia.png Graphic file (type png)
 <use images/wikipedia.png>
File: images/wikipedia.png Graphic file (type png)

<use images/wikipedia.png>
File: images/wikipedia.png Graphic file (type png)
 <use images/wikipedia.png>
File: images/wikipedia.png Graphic file (type png)

<use images/wikipedia.png> [79]
File: images/wikipedia.png Graphic file (type png)
 <use images/wikipedia.png>
File: images/wikipedia.png Graphic file (type png)

<use images/wikipedia.png>
File: images/wikipedia.png Graphic file (type png)
 <use images/wikipedia.png>
Overfull \hbox (3.49275pt too wide) in paragraph at lines 2947--2953
[]\T1/cmr/bx/n/12 Hernando de Soto \T1/cmr/m/n/12 (1496--1542) was the first Eu
-ro-pean to ex-plore Florida
 []

File: images/wikipedia.png Graphic file (type png)
<use images/wikipedia.png>
File: images/wikipedia.png Graphic file (type png)
 <use images/wikipedia.png>
File: images/wikipedia.png Graphic file (type png)

<use images/wikipedia.png>
File: images/wikipedia.png Graphic file (type png)
 <use images/wikipedia.png> [80]
File: images/wikipedia.png Graphic file (type png)

<use images/wikipedia.png>
File: images/wikipedia.png Graphic file (type png)
 <use images/wikipedia.png>
File: images/wikipedia.png Graphic file (type png)

<use images/wikipedia.png>
File: images/wikipedia.png Graphic file (type png)
 <use images/wikipedia.png>
File: images/wikipedia.png Graphic file (type png)

<use images/wikipedia.png>
File: images/wikipedia.png Graphic file (type png)
 <use images/wikipedia.png>
File: images/wikipedia.png Graphic file (type png)

<use images/wikipedia.png> [81]
File: images/wikipedia.png Graphic file (type png)
 <use images/wikipedia.png>
File: images/wikipedia.png Graphic file (type png)

<use images/wikipedia.png>
File: images/wikipedia.png Graphic file (type png)
 <use images/wikipedia.png>
File: images/wikipedia.png Graphic file (type png)

<use images/wikipedia.png>
File: images/wikipedia.png Graphic file (type png)
 <use images/wikipedia.png>
File: images/wikipedia.png Graphic file (type png)

<use images/wikipedia.png> [82]
Chapter 9.
File: images/wikipedia.png Graphic file (type png)
<use images/wikipedia.png>
File: images/wikipedia.png Graphic file (type png)
 <use images/wikipedia.png> [83

] [84]
Chapter 10.
[85

] [86

]
Chapter 11.
(./FreeCol.ind [87]
Overfull \hbox (13.28261pt too wide) in paragraph at lines 4--5
[]\T1/cmr/m/n/12 All Other Eu-ro-pean Play-ers De-feated,
 []


Overfull \hbox (1.37024pt too wide) in paragraph at lines 5--6
[]\T1/cmr/m/n/12 All Other Hu-man Play-ers De-feated,
 []

[88

]
Overfull \hbox (5.87671pt too wide) in paragraph at lines 141--142
[]| \T1/cmr/m/n/12 Fran-cisco Vázquez de Coro-n-ado,
 []

[89]
Overfull \hbox (0.49538pt too wide) in paragraph at lines 163--164
[]\T1/cmr/m/n/12 Francisco Vázquez de Coro-n-ado, [][]78[][] 
 []

[90]
Overfull \hbox (2.93584pt too wide) in paragraph at lines 288--289
[]| \T1/cmr/m/n/12 All Other Eu-ro-pean Play-ers De-
 []


Overfull \hbox (1.76108pt too wide) in paragraph at lines 295--296
[]| \T1/cmr/m/n/12 Cus-tom House Ig-nores Boy-cott,
 []

[91] [92] [93] [94

]) (./FreeCol.aux)

LaTeX Warning: Label(s) may have changed. Rerun to get cross-references right.

 ) 
Here is how much of TeX's memory you used:
 3853 strings out of 256216
 52318 string characters out of 1917073
 101769 words of memory out of 1500000
 6602 multiletter control sequences out of 10000+200000
 16053 words of font info for 38 fonts, out of 1200000 for 2000
 645 hyphenation exceptions out of 8191
 25i,8n,38p,235b,390s stack positions out of 5000i,500n,6000p,200000b,15000s
 </home/mpope/.texlive2007/texmf-var/fonts/pk/ljfour/jknappen/ec/ecti1200.600
pk> </home/mpope/.texlive2007/texmf-var/fonts/pk/ljfour/jknappen/ec/ectt1200.60
0pk> </home/mpope/.texlive2007/texmf-var/fonts/pk/ljfour/jknappen/ec/ecbx1440.6
00pk> </home/mpope/.texlive2007/texmf-var/fonts/pk/ljfour/jknappen/ec/ecbx1728.
600pk> </home/mpope/.texlive2007/texmf-var/fonts/pk/ljfour/jknappen/ec/ecsl1200
.600pk> </home/mpope/.texlive2007/texmf-var/fonts/pk/ljfour/jknappen/ec/ecbx120
0.600pk> </home/mpope/.texlive2007/texmf-var/fonts/pk/ljfour/jknappen/ec/ecbx24
88.600pk> </home/mpope/.texlive2007/texmf-var/fonts/pk/ljfour/jknappen/ec/ecrm1
200.600pk> </home/mpope/.texlive2007/texmf-var/fonts/pk/ljfour/jknappen/ec/ecrm
1440.600pk> </home/mpope/.texlive2007/texmf-var/fonts/pk/ljfour/jknappen/ec/ecr
m2074.600pk></usr/share/texmf/fonts/type1/bluesky/cm/cmr12.pfb></usr/share/texm
f/fonts/type1/bluesky/cm/cmsy10.pfb>
Output written on FreeCol.pdf (94 pages, 3813453 bytes).
PDF statistics:
 2537 PDF objects out of 2984 (max. 8388607)
 506 named destinations out of 1000 (max. 131072)
 609 words of extra memory for PDF output out of 10000 (max. 10000000)

